0 info it worked if it ends with ok
1 verbose cli [ 'C:\\Program Files\\nodejs\\node.exe',
1 verbose cli   'C:\\Program Files\\nodejs\\node_modules\\npm\\bin\\npm-cli.js',
1 verbose cli   'start' ]
2 info using npm@3.10.10
3 info using node@v6.11.4
4 verbose run-script [ 'prestart', 'start', 'poststart' ]
5 info lifecycle geekbot@0.0.0~prestart: geekbot@0.0.0
6 silly lifecycle geekbot@0.0.0~prestart: no script for prestart, continuing
7 info lifecycle geekbot@0.0.0~start: geekbot@0.0.0
8 verbose lifecycle geekbot@0.0.0~start: unsafe-perm in lifecycle true
9 verbose lifecycle geekbot@0.0.0~start: PATH: C:\Program Files\nodejs\node_modules\npm\bin\node-gyp-bin;D:\non akademic\LKS SMK JATIM Web Desain\LKS SMK Jatim 2017\soal LKS JATIM\MODUL C Draft\ServerSideNodeJS\node_modules\.bin;C:\Program Files (x86)\Intel\iCLS Client\;C:\Program Files\Intel\iCLS Client\;C:\WINDOWS\system32;C:\WINDOWS;C:\WINDOWS\System32\Wbem;C:\WINDOWS\System32\WindowsPowerShell\v1.0\;C:\Program Files (x86)\Windows Live\Shared;C:\Program Files\Intel\Intel(R) Management Engine Components\DAL;C:\Program Files\Intel\Intel(R) Management Engine Components\IPT;C:\Program Files (x86)\Intel\Intel(R) Management Engine Components\DAL;C:\Program Files (x86)\Intel\Intel(R) Management Engine Components\IPT;C:\Program Files (x86)\Intel\OpenCL SDK\2.0\bin\x86;C:\Program Files (x86)\Intel\OpenCL SDK\2.0\bin\x64;C:\Program Files (x86)\QuickTime\QTSystem\;C:\Program Files\MATLAB\R2013a\runtime\win64;C:\Program Files\MATLAB\R2013a\bin;C:\Program Files (x86)\Common Files\lenovo\easyplussdk\bin;C:\Program Files\MiKTeX 2.9\miktex\bin\x64\;C:\Users\zaini\.dnx\bin;C:\Program Files\Microsoft DNX\Dnvm\;C:\WINDOWS\system32;C:\WINDOWS;C:\WINDOWS\System32\Wbem;C:\WINDOWS\System32\WindowsPowerShell\v1.0\;C:\Program Files\nodejs\;C:\Users\zaini\AppData\Local\Microsoft\WindowsApps;C:\Users\zaini\AppData\Roaming\npm
10 verbose lifecycle geekbot@0.0.0~start: CWD: D:\non akademic\LKS SMK JATIM Web Desain\LKS SMK Jatim 2017\soal LKS JATIM\MODUL C Draft\ServerSideNodeJS
11 silly lifecycle geekbot@0.0.0~start: Args: [ '/d /s /c', 'node ./bin/www' ]
12 silly lifecycle geekbot@0.0.0~start: Returned: code: 3221225786  signal: null
13 info lifecycle geekbot@0.0.0~start: Failed to exec start script
14 verbose stack Error: geekbot@0.0.0 start: `node ./bin/www`
14 verbose stack Exit status 3221225786
14 verbose stack     at EventEmitter.<anonymous> (C:\Program Files\nodejs\node_modules\npm\lib\utils\lifecycle.js:255:16)
14 verbose stack     at emitTwo (events.js:106:13)
14 verbose stack     at EventEmitter.emit (events.js:191:7)
14 verbose stack     at ChildProcess.<anonymous> (C:\Program Files\nodejs\node_modules\npm\lib\utils\spawn.js:40:14)
14 verbose stack     at emitTwo (events.js:106:13)
14 verbose stack     at ChildProcess.emit (events.js:191:7)
14 verbose stack     at maybeClose (internal/child_process.js:920:16)
14 verbose stack     at Process.ChildProcess._handle.onexit (internal/child_process.js:230:5)
15 verbose pkgid geekbot@0.0.0
16 verbose cwd D:\non akademic\LKS SMK JATIM Web Desain\LKS SMK Jatim 2017\soal LKS JATIM\MODUL C Draft\ServerSideNodeJS
17 error Windows_NT 10.0.14393
18 error argv "C:\\Program Files\\nodejs\\node.exe" "C:\\Program Files\\nodejs\\node_modules\\npm\\bin\\npm-cli.js" "start"
19 error node v6.11.4
20 error npm  v3.10.10
21 error code ELIFECYCLE
22 error geekbot@0.0.0 start: `node ./bin/www`
22 error Exit status 3221225786
23 error Failed at the geekbot@0.0.0 start script 'node ./bin/www'.
23 error Make sure you have the latest version of node.js and npm installed.
23 error If you do, this is most likely a problem with the geekbot package,
23 error not with npm itself.
23 error Tell the author that this fails on your system:
23 error     node ./bin/www
23 error You can get information on how to open an issue for this project with:
23 error     npm bugs geekbot
23 error Or if that isn't available, you can get their info via:
23 error     npm owner ls geekbot
23 error There is likely additional logging output above.
24 verbose exit [ 1, true ]
